Arguments: 
  /Users/timrchen/.nvm/versions/node/v10.16.3/bin/node /Users/timrchen/.nvm/versions/node/v10.16.3/bin/yarn add parcel -s-d

PATH: 
  /Users/timrchen/.nvm/versions/node/v10.16.3/bin:/Users/timrchen/timrchen/currying/flutter/bin:/usr/local/bin:/usr/bin:/bin:/usr/sbin:/sbin:/Users/timrchen/.nvm/versions/node/v10.16.3/bin:/Users/timrchen/flutter/bin:[/Users/timrchen/timrchen/Flutter]/flutter/bin:[/Users/timrchen/timrchen/Flutter]/flutter/bin

Yarn version: 
  1.17.3

Node version: 
  10.16.3

Platform: 
  darwin x64

Trace: 
  Error: https://registry.yarnpkg.com/-d: Not found
      at Request.params.callback [as _callback] (/Users/timrchen/.nvm/versions/node/v10.16.3/lib/node_modules/yarn/lib/cli.js:66830:18)
      at Request.self.callback (/Users/timrchen/.nvm/versions/node/v10.16.3/lib/node_modules/yarn/lib/cli.js:140464:22)
      at Request.emit (events.js:198:13)
      at Request.<anonymous> (/Users/timrchen/.nvm/versions/node/v10.16.3/lib/node_modules/yarn/lib/cli.js:141436:10)
      at Request.emit (events.js:198:13)
      at IncomingMessage.<anonymous> (/Users/timrchen/.nvm/versions/node/v10.16.3/lib/node_modules/yarn/lib/cli.js:141358:12)
      at Object.onceWrapper (events.js:286:20)
      at IncomingMessage.emit (events.js:203:15)
      at endReadableNT (_stream_readable.js:1145:12)
      at process._tickCallback (internal/process/next_tick.js:63:19)

npm manifest: 
  {
    "name": "currying",
    "version": "1.0.0",
    "description": "",
    "main": "currying.js",
    "scripts": {
      "test": "echo \"Error: no test specified\" && exit 1"
    },
    "author": "",
    "license": "ISC",
    "dependencies": {}
  }

yarn manifest: 
  No manifest

Lockfile: 
  # THIS IS AN AUTOGENERATED FILE. DO NOT EDIT THIS FILE DIRECTLY.
  # yarn lockfile v1
